<?xml version="1.0" encoding="UTF-8"?><?xml-stylesheet type="text/xsl" href="//pawsey.org.au/wp-content/plugins/wordpress-seo-premium/css/main-sitemap.xsl"?>
<urlset xmlns:xsi="http://www.w3.org/2001/XMLSchema-instance" xmlns:image="http://www.google.com/schemas/sitemap-image/1.1" xsi:schemaLocation="http://www.sitemaps.org/schemas/sitemap/0.9 http://www.sitemaps.org/schemas/sitemap/0.9/sitemap.xsd http://www.google.com/schemas/sitemap-image/1.1 http://www.google.com/schemas/sitemap-image/1.1/sitemap-image.xsd" xmlns="http://www.sitemaps.org/schemas/sitemap/0.9">
	<url>
		<loc>https://pawsey.org.au/events/</loc>
		<lastmod>2022-02-03T22:57:19+08:00</lastmod>
	</url>
	<url>
		<loc>https://pawsey.org.au/event/overview-of-high-performance-computing-resources-at-olcf/</loc>
		<lastmod>2018-10-10T14:21:19+08:00</lastmod>
	</url>
	<url>
		<loc>https://pawsey.org.au/event/pacer-seminar-radio-astronomy/</loc>
		<lastmod>2021-06-08T10:07:17+08:00</lastmod>
		<image:image>
			<image:loc>https://pawsey.org.au/wp-content/uploads/2021/05/astronomythumbnail.jpg</image:loc>
			<image:title><![CDATA[Milky Way Arch. Fantastic Night Landscape With Bright Arched Mil]]></image:title>
		</image:image>
		<image:image>
			<image:loc>https://pawsey.org.au/wp-content/uploads/2021/05/pacerbannerseminars-astronomy.jpg</image:loc>
		</image:image>
		<image:image>
			<image:loc>https://pawsey.org.au/wp-content/uploads/2021/05/trail-blazers-melanie-R1-2019-8571-Edit.jpg</image:loc>
		</image:image>
		<image:image>
			<image:loc>https://pawsey.org.au/wp-content/uploads/2021/06/Meyer.jpg</image:loc>
		</image:image>
		<image:image>
			<image:loc>https://pawsey.org.au/wp-content/uploads/2021/06/MarcinSokolowski-e1467533698725-140x140-c-default.jpg</image:loc>
		</image:image>
	</url>
	<url>
		<loc>https://pawsey.org.au/event/ask-me-anything-porous-media-visualisation-and-lbpm/</loc>
		<lastmod>2021-06-10T20:35:51+08:00</lastmod>
		<image:image>
			<image:loc>https://pawsey.org.au/wp-content/uploads/2021/06/porous-material.png</image:loc>
			<image:title><![CDATA[porous-material]]></image:title>
		</image:image>
	</url>
	<url>
		<loc>https://pawsey.org.au/event/pacer-seminar-computational-fluid-dynamics/</loc>
		<lastmod>2021-06-13T20:48:05+08:00</lastmod>
		<image:image>
			<image:loc>https://pawsey.org.au/wp-content/uploads/2021/05/bigstock-Fluid-Flow-Background-Fluid-W-417932470-Converted.png</image:loc>
			<image:title><![CDATA[bigstock-Fluid-Flow-Background-Fluid-W-417932470 [Converted]]]></image:title>
		</image:image>
		<image:image>
			<image:loc>https://pawsey.org.au/wp-content/uploads/2021/05/pacerbannerseminarsCFD.jpg</image:loc>
			<image:caption><![CDATA[Fluid dynamics simulation with PaCER logo overlayed]]></image:caption>
		</image:image>
		<image:image>
			<image:loc>https://pawsey.org.au/wp-content/uploads/2021/05/richard.jpg</image:loc>
		</image:image>
		<image:image>
			<image:loc>https://pawsey.org.au/wp-content/uploads/2021/05/Evatt-Hawkes.jpg</image:loc>
		</image:image>
		<image:image>
			<image:loc>https://pawsey.org.au/wp-content/uploads/2021/05/Leonardi.jpg</image:loc>
		</image:image>
	</url>
	<url>
		<loc>https://pawsey.org.au/event/nvidia-cuquantum-session/</loc>
		<lastmod>2021-06-15T11:17:53+08:00</lastmod>
	</url>
	<url>
		<loc>https://pawsey.org.au/event/experience-with-porting-and-scaling-codes-on-amd-gpus/</loc>
		<lastmod>2021-11-30T12:23:46+08:00</lastmod>
		<image:image>
			<image:loc>https://pawsey.org.au/wp-content/uploads/2021/11/poster-program2-_9Dec-02.png</image:loc>
			<image:title><![CDATA[poster program2 _9Dec-02]]></image:title>
			<image:caption><![CDATA[PaCER conference program - P'Con, setting the pace for exascale]]></image:caption>
		</image:image>
		<image:image>
			<image:loc>https://pawsey.org.au/wp-content/uploads/2021/11/sunita.png</image:loc>
		</image:image>
		<image:image>
			<image:loc>https://pawsey.org.au/wp-content/uploads/2021/11/HPCNow.jpg</image:loc>
		</image:image>
	</url>
	<url>
		<loc>https://pawsey.org.au/event/pcon-embracing-new-solutions-for-in-situ-visualisation/</loc>
		<lastmod>2021-12-02T12:26:11+08:00</lastmod>
		<image:image>
			<image:loc>https://pawsey.org.au/wp-content/uploads/2021/11/Pcon-logo-01.png</image:loc>
			<image:title><![CDATA[Pcon logo-01]]></image:title>
		</image:image>
	</url>
	<url>
		<loc>https://pawsey.org.au/event/pawsey-intern-showcase-2022/</loc>
		<lastmod>2022-02-03T22:57:19+08:00</lastmod>
		<image:image>
			<image:loc>https://pawsey.org.au/wp-content/uploads/2022/01/Intern-Group-Photo-Collage.jpg</image:loc>
			<image:title><![CDATA[Intern Group Photo Collage]]></image:title>
			<image:caption><![CDATA[A collage of the 2021/2022 Pawsey summer internship cohort]]></image:caption>
		</image:image>
	</url>
</urlset>
<!-- XML Sitemap generated by Yoast SEO --><!-- permalink_structure ends with slash (/) but REQUEST_URI does not end with slash (/) -->